[debug] [2017-10-16T11:45:22.728Z] ----------------------------------------------------------------------
[debug] [2017-10-16T11:45:22.731Z] Command:       C:\Program Files\nodejs\node.exe C:\Users\Ngoan Tran\AppData\Roaming\npm\node_modules\firebase-tools\bin\firebase serve
[debug] [2017-10-16T11:45:22.732Z] CLI Version:   3.11.0
[debug] [2017-10-16T11:45:22.732Z] Platform:      win32
[debug] [2017-10-16T11:45:22.732Z] Node Version:  v6.11.3
[debug] [2017-10-16T11:45:22.732Z] Time:          Mon Oct 16 2017 19:45:22 GMT+0800 (SE Asia Standard Time)
[debug] [2017-10-16T11:45:22.733Z] ----------------------------------------------------------------------
[debug] 
[debug] [2017-10-16T11:45:22.753Z] > command requires scopes: ["email","openid","https://www.googleapis.com/auth/cloudplatformprojects.readonly","https://www.googleapis.com/auth/firebase","https://www.googleapis.com/auth/cloud-platform"]
[debug] [2017-10-16T11:45:22.754Z] > authorizing via signed-in user
[debug] [2017-10-16T11:45:22.756Z] > refreshing access token with scopes: ["email","https://www.googleapis.com/auth/cloud-platform","https://www.googleapis.com/auth/cloudplatformprojects.readonly","https://www.googleapis.com/auth/firebase","openid"]
[debug] [2017-10-16T11:45:22.757Z] >>> HTTP REQUEST POST https://www.googleapis.com/oauth2/v3/token { refresh_token: '1/22SGJhzAu_dd9y83oV-wexNN9RrAlzpWIj5DJf6wf7U',
  client_id: '563584335869-fgrhgmd47bqnekij5i8b5pr03ho849e6.apps.googleusercontent.com',
  client_secret: 'j9iVZfS8kkCEFUPaAeJV0sAi',
  grant_type: 'refresh_token',
  scope: 'email https://www.googleapis.com/auth/cloud-platform https://www.googleapis.com/auth/cloudplatformprojects.readonly https://www.googleapis.com/auth/firebase openid' } 
 Mon Oct 16 2017 19:45:22 GMT+0800 (SE Asia Standard Time)
[debug] [2017-10-16T11:45:23.064Z] <<< HTTP RESPONSE 200
[debug] [2017-10-16T11:45:23.071Z] >>> HTTP REQUEST GET https://admin.firebase.com/v1/projects/ngoantran-21589  
 Mon Oct 16 2017 19:45:23 GMT+0800 (SE Asia Standard Time)
[debug] [2017-10-16T11:45:24.209Z] <<< HTTP RESPONSE 200
[debug] [2017-10-16T11:45:24.210Z] >>> HTTP REQUEST GET https://admin.firebase.com/v1/database/ngoantran-21589/tokens  
 Mon Oct 16 2017 19:45:24 GMT+0800 (SE Asia Standard Time)
[debug] [2017-10-16T11:45:25.623Z] <<< HTTP RESPONSE 200
[info] 
[info] === Serving from 'D:\Projects\Portfolio_v1'...
[info] 
[debug] [2017-10-16T11:45:25.626Z] >>> HTTP REQUEST GET https://cloudresourcemanager.googleapis.com/v1/projects/ngoantran-21589  
 Mon Oct 16 2017 19:45:25 GMT+0800 (SE Asia Standard Time)
[debug] [2017-10-16T11:45:26.949Z] <<< HTTP RESPONSE 200
[debug] [2017-10-16T11:45:26.950Z] >>> HTTP REQUEST GET https://mobilesdk-pa.googleapis.com/v1/projects/60160265045/clients/_:getWebAppConfig  
 Mon Oct 16 2017 19:45:26 GMT+0800 (SE Asia Standard Time)
[debug] [2017-10-16T11:45:30.147Z] <<< HTTP RESPONSE 200
[info] i  hosting: Serving hosting files from: /
[info] +  hosting: Local server: http://localhost:5000

